2025.03.23 16:56:26 INFO  Started: Metals version 1.5.1 in folders '/Users/youssefaitelourf/Desktop/Project' for client Visual Studio Code 1.98.2.
Mar 23, 2025 4:56:27 PM org.eclipse.lsp4j.jsonrpc.services.GenericEndpoint notify
INFO: Unsupported notification method: $/setTrace
Mar 23, 2025 4:56:27 PM org.eclipse.lsp4j.jsonrpc.services.GenericEndpoint notify
INFO: Unsupported notification method: $/setTrace
Mar 23, 2025 4:56:29 PM org.eclipse.lsp4j.jsonrpc.services.GenericEndpoint notify
INFO: Unsupported notification method: $/setTrace
2025.03.23 16:56:38 INFO  no build target found for /Users/youssefaitelourf/Desktop/Project/build.sbt. Using presentation compiler with project's scala-library version: 3.3.4
2025.03.23 16:56:38 INFO  no build target found for /Users/youssefaitelourf/Desktop/Project/build.sbt. Using presentation compiler with project's scala-library version: 3.3.4
2025.03.23 16:56:40 INFO  no build target found for /Users/youssefaitelourf/Desktop/Project/build.sbt. Using presentation compiler with project's scala-library version: 3.3.4
2025.03.23 16:56:43 INFO  no build target found for /Users/youssefaitelourf/Desktop/Project/build.sbt. Using presentation compiler with project's scala-library version: 3.3.4
Mar 23, 2025 4:56:46 PM org.eclipse.lsp4j.jsonrpc.services.GenericEndpoint notify
WARNING: Unsupported notification method: metals/windowStateDidChange
Mar 23, 2025 4:56:49 PM org.eclipse.lsp4j.jsonrpc.services.GenericEndpoint notify
WARNING: Unsupported notification method: metals/windowStateDidChange
2025.03.23 16:56:49 INFO  no build target found for /Users/youssefaitelourf/Desktop/Project/build.sbt. Using presentation compiler with project's scala-library version: 3.3.4
Mar 23, 2025 4:56:50 PM org.eclipse.lsp4j.jsonrpc.services.GenericEndpoint notify
WARNING: Unsupported notification method: metals/windowStateDidChange
Mar 23, 2025 4:56:54 PM org.eclipse.lsp4j.jsonrpc.services.GenericEndpoint notify
WARNING: Unsupported notification method: metals/windowStateDidChange
2025.03.23 16:56:55 INFO  no build target found for /Users/youssefaitelourf/Desktop/Project/build.sbt. Using presentation compiler with project's scala-library version: 3.3.4
Mar 23, 2025 4:57:35 PM org.eclipse.lsp4j.jsonrpc.services.GenericEndpoint notify
WARNING: Unsupported notification method: metals/windowStateDidChange
Mar 23, 2025 4:57:38 PM org.eclipse.lsp4j.jsonrpc.services.GenericEndpoint notify
WARNING: Unsupported notification method: metals/windowStateDidChange
Mar 23, 2025 4:57:51 PM org.eclipse.lsp4j.jsonrpc.services.GenericEndpoint notify
WARNING: Unsupported notification method: metals/windowStateDidChange
2025.03.23 16:57:51 INFO  no build target found for /Users/youssefaitelourf/Desktop/Project/build.sbt. Using presentation compiler with project's scala-library version: 3.3.4
Mar 23, 2025 4:57:52 PM org.eclipse.lsp4j.jsonrpc.services.GenericEndpoint notify
WARNING: Unsupported notification method: metals/windowStateDidChange
Mar 23, 2025 4:57:54 PM org.eclipse.lsp4j.jsonrpc.services.GenericEndpoint notify
INFO: Unsupported notification method: $/setTrace
2025.03.23 16:59:12 INFO  no build target found for /Users/youssefaitelourf/Desktop/Project/build.sbt. Using presentation compiler with project's scala-library version: 3.3.4
Mar 23, 2025 4:59:38 PM org.eclipse.lsp4j.jsonrpc.services.GenericEndpoint notify
WARNING: Unsupported notification method: metals/windowStateDidChange
Mar 23, 2025 5:00:34 PM org.eclipse.lsp4j.jsonrpc.services.GenericEndpoint notify
WARNING: Unsupported notification method: metals/windowStateDidChange
Mar 23, 2025 5:10:56 PM org.eclipse.lsp4j.jsonrpc.services.GenericEndpoint notify
WARNING: Unsupported notification method: metals/windowStateDidChange
Mar 23, 2025 5:10:57 PM org.eclipse.lsp4j.jsonrpc.services.GenericEndpoint notify
WARNING: Unsupported notification method: metals/windowStateDidChange
2025.03.23 17:11:19 INFO  no build target found for /Users/youssefaitelourf/Desktop/Project/build.sbt. Using presentation compiler with project's scala-library version: 3.3.4
2025.03.23 17:11:21 INFO  no build target found for /Users/youssefaitelourf/Desktop/Project/build.sbt. Using presentation compiler with project's scala-library version: 3.3.4
Mar 23, 2025 5:11:36 PM org.eclipse.lsp4j.jsonrpc.services.GenericEndpoint notify
WARNING: Unsupported notification method: metals/windowStateDidChange
Mar 23, 2025 5:11:41 PM org.eclipse.lsp4j.jsonrpc.services.GenericEndpoint notify
WARNING: Unsupported notification method: metals/windowStateDidChange
Mar 23, 2025 5:11:42 PM org.eclipse.lsp4j.jsonrpc.services.GenericEndpoint notify
WARNING: Unsupported notification method: metals/windowStateDidChange
Mar 23, 2025 5:12:09 PM org.eclipse.lsp4j.jsonrpc.services.GenericEndpoint notify
WARNING: Unsupported notification method: metals/windowStateDidChange
Mar 23, 2025 5:12:18 PM org.eclipse.lsp4j.jsonrpc.services.GenericEndpoint notify
WARNING: Unsupported notification method: metals/windowStateDidChange
Mar 23, 2025 5:13:09 PM org.eclipse.lsp4j.jsonrpc.services.GenericEndpoint notify
WARNING: Unsupported notification method: metals/windowStateDidChange
Mar 23, 2025 5:20:57 PM org.eclipse.lsp4j.jsonrpc.services.GenericEndpoint notify
WARNING: Unsupported notification method: metals/windowStateDidChange
Mar 23, 2025 5:20:58 PM org.eclipse.lsp4j.jsonrpc.services.GenericEndpoint notify
WARNING: Unsupported notification method: metals/windowStateDidChange
2025.03.23 17:21:00 INFO  no build target found for /Users/youssefaitelourf/Desktop/Project/build.sbt. Using presentation compiler with project's scala-library version: 3.3.4
2025.03.23 17:21:06 INFO  no build target found for /Users/youssefaitelourf/Desktop/Project/build.sbt. Using presentation compiler with project's scala-library version: 3.3.4
2025.03.23 17:21:14 INFO  no build target found for /Users/youssefaitelourf/Desktop/Project/build.sbt. Using presentation compiler with project's scala-library version: 3.3.4
2025.03.23 17:21:34 INFO  no build target found for /Users/youssefaitelourf/Desktop/Project/build.sbt. Using presentation compiler with project's scala-library version: 3.3.4
2025.03.23 17:21:34 INFO  no build target found for /Users/youssefaitelourf/Desktop/Project/src/main/scala/ui/ConsoleUI.scala. Using presentation compiler with project's scala-library version: 3.3.4
2025.03.23 17:21:34 INFO  no build target found for /Users/youssefaitelourf/Desktop/Project/src/main/scala/ui/ConsoleUI.scala. Using presentation compiler with project's scala-library version: 3.3.4
2025.03.23 17:21:34 INFO  no build target found for /Users/youssefaitelourf/Desktop/Project/src/main/scala/ui/ConsoleUI.scala. Using presentation compiler with project's scala-library version: 3.3.4
2025.03.23 17:21:34 INFO  no build target found for /Users/youssefaitelourf/Desktop/Project/src/main/scala/ui/ConsoleUI.scala. Using presentation compiler with project's scala-library version: 3.3.4
2025.03.23 17:21:36 INFO  no build target found for /Users/youssefaitelourf/Desktop/Project/src/main/scala/ui/ConsoleUI.scala. Using presentation compiler with project's scala-library version: 3.3.4
Mar 23, 2025 5:21:55 PM org.eclipse.lsp4j.jsonrpc.services.GenericEndpoint notify
WARNING: Unsupported notification method: metals/windowStateDidChange
Mar 23, 2025 5:22:20 PM org.eclipse.lsp4j.jsonrpc.services.GenericEndpoint notify
WARNING: Unsupported notification method: metals/windowStateDidChange
2025.03.23 17:22:20 INFO  no build target found for /Users/youssefaitelourf/Desktop/Project/src/main/scala/ui/ConsoleUI.scala. Using presentation compiler with project's scala-library version: 3.3.4
Mar 23, 2025 5:22:23 PM org.eclipse.lsp4j.jsonrpc.services.GenericEndpoint notify
WARNING: Unsupported notification method: metals/windowStateDidChange
Mar 23, 2025 5:22:39 PM org.eclipse.lsp4j.jsonrpc.services.GenericEndpoint notify
WARNING: Unsupported notification method: metals/windowStateDidChange
Mar 23, 2025 5:23:02 PM org.eclipse.lsp4j.jsonrpc.services.GenericEndpoint notify
WARNING: Unsupported notification method: metals/windowStateDidChange
2025.03.23 17:23:03 INFO  no build target found for /Users/youssefaitelourf/Desktop/Project/src/main/scala/ui/ConsoleUI.scala. Using presentation compiler with project's scala-library version: 3.3.4
Mar 23, 2025 5:23:04 PM org.eclipse.lsp4j.jsonrpc.services.GenericEndpoint notify
WARNING: Unsupported notification method: metals/windowStateDidChange
2025.03.23 17:23:57 INFO  no build target found for /Users/youssefaitelourf/Desktop/Project/src/main/scala/ui/ConsoleUI.scala. Using presentation compiler with project's scala-library version: 3.3.4
2025.03.23 17:23:57 INFO  no build target found for /Users/youssefaitelourf/Desktop/Project/src/main/scala/ui/ConsoleUI.scala. Using presentation compiler with project's scala-library version: 3.3.4
2025.03.23 17:23:57 INFO  no build target found for /Users/youssefaitelourf/Desktop/Project/src/main/scala/ui/ConsoleUI.scala. Using presentation compiler with project's scala-library version: 3.3.4
2025.03.23 17:23:57 INFO  no build target found for /Users/youssefaitelourf/Desktop/Project/src/main/scala/ui/ConsoleUI.scala. Using presentation compiler with project's scala-library version: 3.3.4
Mar 23, 2025 5:24:55 PM org.eclipse.lsp4j.jsonrpc.services.GenericEndpoint notify
WARNING: Unsupported notification method: metals/windowStateDidChange
Mar 23, 2025 5:24:55 PM org.eclipse.lsp4j.jsonrpc.services.GenericEndpoint notify
WARNING: Unsupported notification method: metals/windowStateDidChange
2025.03.23 17:24:56 INFO  no build target found for /Users/youssefaitelourf/Desktop/Project/src/main/scala/ui/ConsoleUI.scala. Using presentation compiler with project's scala-library version: 3.3.4
2025.03.23 17:24:57 WARN  no build target for: /Users/youssefaitelourf/Desktop/Project/src/main/scala/ui/ConsoleUI.scala
2025.03.23 17:24:57 INFO  no build target found for /Users/youssefaitelourf/Desktop/Project/src/main/scala/ui/ConsoleUI.scala. Using presentation compiler with project's scala-library version: 3.3.4
2025.03.23 17:24:58 INFO  no build target found for /Users/youssefaitelourf/Desktop/Project/src/main/scala/ui/ConsoleUI.scala. Using presentation compiler with project's scala-library version: 3.3.4
2025.03.23 17:24:58 INFO  no build target found for /Users/youssefaitelourf/Desktop/Project/src/main/scala/ui/ConsoleUI.scala. Using presentation compiler with project's scala-library version: 3.3.4
Mar 23, 2025 5:25:18 PM org.eclipse.lsp4j.jsonrpc.services.GenericEndpoint notify
WARNING: Unsupported notification method: metals/windowStateDidChange
Mar 23, 2025 5:25:25 PM org.eclipse.lsp4j.jsonrpc.services.GenericEndpoint notify
WARNING: Unsupported notification method: metals/windowStateDidChange
2025.03.23 17:25:26 INFO  no build target found for /Users/youssefaitelourf/Desktop/Project/src/main/scala/ui/ConsoleUI.scala. Using presentation compiler with project's scala-library version: 3.3.4
2025.03.23 17:25:26 INFO  no build target found for /Users/youssefaitelourf/Desktop/Project/src/main/scala/ui/ConsoleUI.scala. Using presentation compiler with project's scala-library version: 3.3.4
2025.03.23 17:25:26 INFO  no build target found for /Users/youssefaitelourf/Desktop/Project/src/main/scala/ui/ConsoleUI.scala. Using presentation compiler with project's scala-library version: 3.3.4
2025.03.23 17:25:26 INFO  no build target found for /Users/youssefaitelourf/Desktop/Project/src/main/scala/ui/ConsoleUI.scala. Using presentation compiler with project's scala-library version: 3.3.4
2025.03.23 17:25:27 INFO  no build target found for /Users/youssefaitelourf/Desktop/Project/src/main/scala/ui/ConsoleUI.scala. Using presentation compiler with project's scala-library version: 3.3.4
Mar 23, 2025 5:25:27 PM scala.meta.internal.metals.StdReporter $anonfun$create$1
SEVERE: empty definition using pc, found symbol in pc: `<none>`. (full report at: /Users/youssefaitelourf/Desktop/Project/.metals/.reports/metals-full/2025-03-23/r_empty-definition_17-25-27-673.md)
2025.03.23 17:25:27 WARN  no build target for: /Users/youssefaitelourf/Desktop/Project/src/main/scala/ui/ConsoleUI.scala
2025.03.23 17:25:27 INFO  no build target found for /Users/youssefaitelourf/Desktop/Project/src/main/scala/ui/ConsoleUI.scala. Using presentation compiler with project's scala-library version: 3.3.4
2025.03.23 17:25:29 INFO  Shutting down server
2025.03.23 17:25:29 INFO  shutting down Metals
2025.03.23 17:25:29 INFO  Exiting server
2025.03.25 10:28:23 INFO  Started: Metals version 1.5.1 in folders '/Users/youssefaitelourf/Desktop/Scala Project' for client Visual Studio Code 1.98.2.
Mar 25, 2025 10:28:23 AM org.eclipse.lsp4j.jsonrpc.services.GenericEndpoint notify
INFO: Unsupported notification method: $/setTrace
Mar 25, 2025 10:28:24 AM org.eclipse.lsp4j.jsonrpc.services.GenericEndpoint notify
INFO: Unsupported notification method: $/setTrace
Mar 25, 2025 10:28:26 AM org.eclipse.lsp4j.jsonrpc.services.GenericEndpoint notify
INFO: Unsupported notification method: $/setTrace
Mar 25, 2025 10:28:54 AM org.eclipse.lsp4j.jsonrpc.services.GenericEndpoint notify
WARNING: Unsupported notification method: metals/windowStateDidChange
Mar 25, 2025 10:28:55 AM org.eclipse.lsp4j.jsonrpc.services.GenericEndpoint notify
WARNING: Unsupported notification method: metals/windowStateDidChange
Mar 25, 2025 10:28:55 AM org.eclipse.lsp4j.jsonrpc.services.GenericEndpoint notify
WARNING: Unsupported notification method: metals/windowStateDidChange
Mar 25, 2025 10:29:24 AM org.eclipse.lsp4j.jsonrpc.services.GenericEndpoint notify
WARNING: Unsupported notification method: metals/windowStateDidChange
Mar 25, 2025 10:29:31 AM org.eclipse.lsp4j.jsonrpc.services.GenericEndpoint notify
WARNING: Unsupported notification method: metals/windowStateDidChange
Mar 25, 2025 10:29:47 AM org.eclipse.lsp4j.jsonrpc.services.GenericEndpoint notify
WARNING: Unsupported notification method: metals/windowStateDidChange
Mar 25, 2025 10:30:03 AM org.eclipse.lsp4j.jsonrpc.services.GenericEndpoint notify
WARNING: Unsupported notification method: metals/windowStateDidChange
2025.03.25 10:30:04 INFO  Shutting down server
2025.03.25 10:30:04 INFO  shutting down Metals
2025.03.25 10:30:04 INFO  Exiting server
2025.03.25 11:28:15 INFO  Started: Metals version 1.5.1 in folders '/Users/youssefaitelourf/Desktop/Scala Project' for client Visual Studio Code 1.98.2.
Mar 25, 2025 11:28:15 AM org.eclipse.lsp4j.jsonrpc.services.GenericEndpoint notify
INFO: Unsupported notification method: $/setTrace
2025.03.25 11:28:16 INFO  no build target found for /Users/youssefaitelourf/Desktop/Scala Project/build.sbt. Using presentation compiler with project's scala-library version: 3.3.4
2025.03.25 11:28:16 INFO  no build target found for /Users/youssefaitelourf/Desktop/Scala Project/build.sbt. Using presentation compiler with project's scala-library version: 3.3.4
Mar 25, 2025 11:28:17 AM org.eclipse.lsp4j.jsonrpc.services.GenericEndpoint notify
INFO: Unsupported notification method: $/setTrace
Mar 25, 2025 11:29:23 AM org.eclipse.lsp4j.jsonrpc.services.GenericEndpoint notify
WARNING: Unsupported notification method: metals/windowStateDidChange
2025.03.25 11:31:53 INFO  no build target found for /Users/youssefaitelourf/Desktop/Scala Project/build.sbt. Using presentation compiler with project's scala-library version: 3.3.4
2025.03.25 11:31:54 INFO  Shutting down server
2025.03.25 11:31:54 INFO  shutting down Metals
2025.03.25 11:31:54 INFO  Exiting server
2025.03.25 11:31:54 ERROR Unexpected error initializing server: 
org.eclipse.lsp4j.jsonrpc.ResponseErrorException: Request window/showMessageRequest failed with message: Canceled
	at org.eclipse.lsp4j.jsonrpc.RemoteEndpoint.handleResponse(RemoteEndpoint.java:220)
	at org.eclipse.lsp4j.jsonrpc.RemoteEndpoint.consume(RemoteEndpoint.java:204)
	at org.eclipse.lsp4j.jsonrpc.json.StreamMessageProducer.handleMessage(StreamMessageProducer.java:185)
	at org.eclipse.lsp4j.jsonrpc.json.StreamMessageProducer.listen(StreamMessageProducer.java:97)
	at org.eclipse.lsp4j.jsonrpc.json.ConcurrentMessageProcessor.run(ConcurrentMessageProcessor.java:114)
	at java.util.concurrent.Executors$RunnableAdapter.call(Executors.java:572)
	at java.util.concurrent.FutureTask.run(FutureTask.java:317)
	at java.util.concurrent.ThreadPoolExecutor.runWorker(ThreadPoolExecutor.java:1144)
	at java.util.concurrent.ThreadPoolExecutor$Worker.run(ThreadPoolExecutor.java:642)
	at java.lang.Thread.run(Thread.java:1575)

2025.03.28 14:33:17 INFO  Started: Metals version 1.5.2 in folders '/Users/youssefaitelourf/Desktop/Scala Project' for client Visual Studio Code 1.98.2.
2025.03.28 14:33:17 INFO  no build target found for /Users/youssefaitelourf/Desktop/Scala Project/build.sbt. Using presentation compiler with project's scala-library version: 3.3.5
2025.03.28 14:33:18 INFO  no build target found for /Users/youssefaitelourf/Desktop/Scala Project/build.sbt. Using presentation compiler with project's scala-library version: 3.3.5
Mar 28, 2025 2:33:18 PM org.eclipse.lsp4j.jsonrpc.RemoteEndpoint handleCancellation
WARNING: Unmatched cancel notification for request id 3
Mar 28, 2025 2:33:18 PM org.eclipse.lsp4j.jsonrpc.RemoteEndpoint handleCancellation
WARNING: Unmatched cancel notification for request id 5
Mar 28, 2025 2:33:18 PM org.eclipse.lsp4j.jsonrpc.RemoteEndpoint handleCancellation
WARNING: Unmatched cancel notification for request id 2
2025.03.28 14:45:43 INFO  no build target found for /Users/youssefaitelourf/Desktop/Scala Project/build.sbt. Using presentation compiler with project's scala-library version: 3.3.5
2025.03.28 14:45:43 WARN  no build target for: /Users/youssefaitelourf/Desktop/Scala Project/build.sbt
2025.03.28 14:45:43 INFO  no build target found for /Users/youssefaitelourf/Desktop/Scala Project/build.sbt. Using presentation compiler with project's scala-library version: 3.3.5
2025.03.28 14:45:43 INFO  no build target found for /Users/youssefaitelourf/Desktop/Scala Project/build.sbt. Using presentation compiler with project's scala-library version: 3.3.5
2025.03.28 14:45:43 INFO  no build target found for /Users/youssefaitelourf/Desktop/Scala Project/build.sbt. Using presentation compiler with project's scala-library version: 3.3.5
2025.03.28 14:45:44 INFO  no build target found for /Users/youssefaitelourf/Desktop/Scala Project/build.sbt. Using presentation compiler with project's scala-library version: 3.3.5
2025.03.28 14:45:44 INFO  no build target found for /Users/youssefaitelourf/Desktop/Scala Project/src/main/scala/model/Airport.scala. Using presentation compiler with project's scala-library version: 3.3.5
2025.03.28 14:45:44 INFO  no build target found for /Users/youssefaitelourf/Desktop/Scala Project/src/main/scala/model/Airport.scala. Using presentation compiler with project's scala-library version: 3.3.5
2025.03.28 14:45:48 INFO  no build target found for /Users/youssefaitelourf/Desktop/Scala Project/src/main/scala/model/Airport.scala. Using presentation compiler with project's scala-library version: 3.3.5
2025.03.28 14:45:48 INFO  no build target found for /Users/youssefaitelourf/Desktop/Scala Project/src/main/scala/model/Country.scala. Using presentation compiler with project's scala-library version: 3.3.5
2025.03.28 14:45:48 INFO  no build target found for /Users/youssefaitelourf/Desktop/Scala Project/src/main/scala/model/Country.scala. Using presentation compiler with project's scala-library version: 3.3.5
2025.03.28 14:45:48 INFO  no build target found for /Users/youssefaitelourf/Desktop/Scala Project/src/main/scala/model/Country.scala. Using presentation compiler with project's scala-library version: 3.3.5
2025.03.28 14:45:48 INFO  no build target found for /Users/youssefaitelourf/Desktop/Scala Project/src/main/scala/model/Runway.scala. Using presentation compiler with project's scala-library version: 3.3.5
2025.03.28 14:45:49 INFO  no build target found for /Users/youssefaitelourf/Desktop/Scala Project/src/main/scala/model/Runway.scala. Using presentation compiler with project's scala-library version: 3.3.5
2025.03.28 14:45:49 INFO  no build target found for /Users/youssefaitelourf/Desktop/Scala Project/src/main/scala/model/Runway.scala. Using presentation compiler with project's scala-library version: 3.3.5
2025.03.28 14:45:49 INFO  no build target found for /Users/youssefaitelourf/Desktop/Scala Project/src/main/scala/model/Airport.scala. Using presentation compiler with project's scala-library version: 3.3.5
2025.03.28 14:45:49 INFO  no build target found for /Users/youssefaitelourf/Desktop/Scala Project/src/main/scala/model/Airport.scala. Using presentation compiler with project's scala-library version: 3.3.5
2025.03.28 14:45:49 INFO  no build target found for /Users/youssefaitelourf/Desktop/Scala Project/src/main/scala/model/Airport.scala. Using presentation compiler with project's scala-library version: 3.3.5
2025.03.28 14:45:49 INFO  no build target found for /Users/youssefaitelourf/Desktop/Scala Project/src/main/scala/model/Country.scala. Using presentation compiler with project's scala-library version: 3.3.5
2025.03.28 14:45:50 INFO  no build target found for /Users/youssefaitelourf/Desktop/Scala Project/src/main/scala/model/Country.scala. Using presentation compiler with project's scala-library version: 3.3.5
2025.03.28 14:45:49 INFO  no build target found for /Users/youssefaitelourf/Desktop/Scala Project/src/main/scala/model/Country.scala. Using presentation compiler with project's scala-library version: 3.3.5
2025.03.28 14:45:49 INFO  no build target found for /Users/youssefaitelourf/Desktop/Scala Project/src/main/scala/model/Airport.scala. Using presentation compiler with project's scala-library version: 3.3.5
2025.03.28 14:45:49 INFO  no build target found for /Users/youssefaitelourf/Desktop/Scala Project/src/main/scala/model/Airport.scala. Using presentation compiler with project's scala-library version: 3.3.5
2025.03.28 14:45:51 INFO  no build target found for /Users/youssefaitelourf/Desktop/Scala Project/src/main/scala/model/Airport.scala. Using presentation compiler with project's scala-library version: 3.3.5
2025.03.28 14:45:51 INFO  no build target found for /Users/youssefaitelourf/Desktop/Scala Project/src/main/scala/model/Country.scala. Using presentation compiler with project's scala-library version: 3.3.5
2025.03.28 14:45:50 INFO  no build target found for /Users/youssefaitelourf/Desktop/Scala Project/src/main/scala/model/Country.scala. Using presentation compiler with project's scala-library version: 3.3.5
2025.03.28 14:45:51 INFO  no build target found for /Users/youssefaitelourf/Desktop/Scala Project/src/main/scala/model/Country.scala. Using presentation compiler with project's scala-library version: 3.3.5
2025.03.28 14:45:51 INFO  no build target found for /Users/youssefaitelourf/Desktop/Scala Project/src/main/scala/model/Runway.scala. Using presentation compiler with project's scala-library version: 3.3.5
2025.03.28 14:45:51 INFO  no build target found for /Users/youssefaitelourf/Desktop/Scala Project/src/main/scala/model/Runway.scala. Using presentation compiler with project's scala-library version: 3.3.5
2025.03.28 14:45:54 INFO  no build target found for /Users/youssefaitelourf/Desktop/Scala Project/src/main/scala/model/Runway.scala. Using presentation compiler with project's scala-library version: 3.3.5
2025.03.28 14:45:54 INFO  no build target found for /Users/youssefaitelourf/Desktop/Scala Project/src/main/scala/model/Airport.scala. Using presentation compiler with project's scala-library version: 3.3.5
2025.03.28 14:45:54 INFO  no build target found for /Users/youssefaitelourf/Desktop/Scala Project/src/main/scala/model/Airport.scala. Using presentation compiler with project's scala-library version: 3.3.5
2025.03.28 14:46:04 INFO  no build target found for /Users/youssefaitelourf/Desktop/Scala Project/src/main/scala/model/Airport.scala. Using presentation compiler with project's scala-library version: 3.3.5
2025.03.28 14:46:07 INFO  no build target found for /Users/youssefaitelourf/Desktop/Scala Project/src/main/scala/model/Airport.scala. Using presentation compiler with project's scala-library version: 3.3.5
2025.03.28 14:46:07 INFO  no build target found for /Users/youssefaitelourf/Desktop/Scala Project/src/main/scala/services/DatabaseLoader.scala. Using presentation compiler with project's scala-library version: 3.3.5
2025.03.28 14:46:07 INFO  no build target found for /Users/youssefaitelourf/Desktop/Scala Project/src/main/scala/services/DatabaseLoader.scala. Using presentation compiler with project's scala-library version: 3.3.5
2025.03.28 14:46:07 INFO  no build target found for /Users/youssefaitelourf/Desktop/Scala Project/src/main/scala/services/DatabaseLoader.scala. Using presentation compiler with project's scala-library version: 3.3.5
2025.03.28 14:46:07 INFO  no build target found for /Users/youssefaitelourf/Desktop/Scala Project/src/main/scala/services/DataLoader.scala. Using presentation compiler with project's scala-library version: 3.3.5
2025.03.28 14:46:07 INFO  no build target found for /Users/youssefaitelourf/Desktop/Scala Project/src/main/scala/services/DataLoader.scala. Using presentation compiler with project's scala-library version: 3.3.5
2025.03.28 14:46:07 INFO  no build target found for /Users/youssefaitelourf/Desktop/Scala Project/src/main/scala/services/DataLoader.scala. Using presentation compiler with project's scala-library version: 3.3.5
2025.03.28 14:46:07 INFO  no build target found for /Users/youssefaitelourf/Desktop/Scala Project/src/main/scala/services/Reports.scala. Using presentation compiler with project's scala-library version: 3.3.5
2025.03.28 14:46:08 INFO  no build target found for /Users/youssefaitelourf/Desktop/Scala Project/src/main/scala/services/Reports.scala. Using presentation compiler with project's scala-library version: 3.3.5
2025.03.28 14:46:08 INFO  no build target found for /Users/youssefaitelourf/Desktop/Scala Project/src/main/scala/services/Reports.scala. Using presentation compiler with project's scala-library version: 3.3.5
2025.03.28 14:46:08 INFO  no build target found for /Users/youssefaitelourf/Desktop/Scala Project/src/main/scala/services/DataLoader.scala. Using presentation compiler with project's scala-library version: 3.3.5
2025.03.28 14:46:08 INFO  no build target found for /Users/youssefaitelourf/Desktop/Scala Project/src/main/scala/services/DataLoader.scala. Using presentation compiler with project's scala-library version: 3.3.5
2025.03.28 14:46:08 INFO  no build target found for /Users/youssefaitelourf/Desktop/Scala Project/src/main/scala/services/DataLoader.scala. Using presentation compiler with project's scala-library version: 3.3.5
2025.03.28 14:46:08 INFO  no build target found for /Users/youssefaitelourf/Desktop/Scala Project/src/main/scala/services/DatabaseLoader.scala. Using presentation compiler with project's scala-library version: 3.3.5
2025.03.28 14:46:09 INFO  no build target found for /Users/youssefaitelourf/Desktop/Scala Project/src/main/scala/services/DatabaseLoader.scala. Using presentation compiler with project's scala-library version: 3.3.5
2025.03.28 14:46:10 INFO  no build target found for /Users/youssefaitelourf/Desktop/Scala Project/src/main/scala/services/DatabaseLoader.scala. Using presentation compiler with project's scala-library version: 3.3.5
2025.03.28 14:46:10 INFO  no build target found for /Users/youssefaitelourf/Desktop/Scala Project/src/main/scala/csv/CsvParser.scala. Using presentation compiler with project's scala-library version: 3.3.5
2025.03.28 14:46:10 INFO  no build target found for /Users/youssefaitelourf/Desktop/Scala Project/src/main/scala/csv/CsvParser.scala. Using presentation compiler with project's scala-library version: 3.3.5
2025.03.28 14:47:57 INFO  no build target found for /Users/youssefaitelourf/Desktop/Scala Project/src/main/scala/csv/CsvParser.scala. Using presentation compiler with project's scala-library version: 3.3.5
2025.03.28 14:53:48 INFO  no build target found for /Users/youssefaitelourf/Desktop/Scala Project/src/main/scala/csv/CsvParser.scala. Using presentation compiler with project's scala-library version: 3.3.5
2025.03.28 14:53:48 INFO  no build target found for /Users/youssefaitelourf/Desktop/Scala Project/src/main/scala/model/Airport.scala. Using presentation compiler with project's scala-library version: 3.3.5
2025.03.28 14:53:49 INFO  no build target found for /Users/youssefaitelourf/Desktop/Scala Project/src/main/scala/model/Airport.scala. Using presentation compiler with project's scala-library version: 3.3.5
2025.03.28 14:53:52 INFO  no build target found for /Users/youssefaitelourf/Desktop/Scala Project/src/main/scala/model/Airport.scala. Using presentation compiler with project's scala-library version: 3.3.5
2025.03.28 14:53:52 INFO  no build target found for /Users/youssefaitelourf/Desktop/Scala Project/src/main/scala/ui/ConsoleUI.scala. Using presentation compiler with project's scala-library version: 3.3.5
2025.03.28 14:53:52 INFO  no build target found for /Users/youssefaitelourf/Desktop/Scala Project/src/main/scala/ui/ConsoleUI.scala. Using presentation compiler with project's scala-library version: 3.3.5
2025.03.28 14:53:55 INFO  no build target found for /Users/youssefaitelourf/Desktop/Scala Project/src/main/scala/ui/ConsoleUI.scala. Using presentation compiler with project's scala-library version: 3.3.5
2025.03.28 14:53:55 INFO  no build target found for /Users/youssefaitelourf/Desktop/Scala Project/src/main/scala/ui/GUIApp.scala. Using presentation compiler with project's scala-library version: 3.3.5
2025.03.28 14:53:56 INFO  no build target found for /Users/youssefaitelourf/Desktop/Scala Project/src/main/scala/ui/GUIApp.scala. Using presentation compiler with project's scala-library version: 3.3.5
2025.03.28 14:53:55 INFO  no build target found for /Users/youssefaitelourf/Desktop/Scala Project/src/main/scala/ui/GUIApp.scala. Using presentation compiler with project's scala-library version: 3.3.5
2025.03.28 14:53:55 INFO  no build target found for /Users/youssefaitelourf/Desktop/Scala Project/src/main/scala/ui/ConsoleUI.scala. Using presentation compiler with project's scala-library version: 3.3.5
2025.03.28 14:53:56 INFO  no build target found for /Users/youssefaitelourf/Desktop/Scala Project/src/main/scala/ui/ConsoleUI.scala. Using presentation compiler with project's scala-library version: 3.3.5
2025.03.28 14:53:57 INFO  no build target found for /Users/youssefaitelourf/Desktop/Scala Project/src/main/scala/ui/ConsoleUI.scala. Using presentation compiler with project's scala-library version: 3.3.5
2025.03.28 15:16:14 INFO  no build target found for /Users/youssefaitelourf/Desktop/Scala Project/src/main/scala/ui/ConsoleUI.scala. Using presentation compiler with project's scala-library version: 3.3.5
2025.03.28 15:16:14 INFO  no build target found for /Users/youssefaitelourf/Desktop/Scala Project/src/main/scala/model/Airport.scala. Using presentation compiler with project's scala-library version: 3.3.5
2025.03.28 15:16:14 INFO  no build target found for /Users/youssefaitelourf/Desktop/Scala Project/src/main/scala/model/Airport.scala. Using presentation compiler with project's scala-library version: 3.3.5
2025.03.28 15:16:14 INFO  no build target found for /Users/youssefaitelourf/Desktop/Scala Project/src/main/scala/model/Airport.scala. Using presentation compiler with project's scala-library version: 3.3.5
2025.03.28 15:16:14 INFO  no build target found for /Users/youssefaitelourf/Desktop/Scala Project/src/main/scala/csv/CsvParser.scala. Using presentation compiler with project's scala-library version: 3.3.5
2025.03.28 15:16:14 INFO  no build target found for /Users/youssefaitelourf/Desktop/Scala Project/src/main/scala/csv/CsvParser.scala. Using presentation compiler with project's scala-library version: 3.3.5
2025.03.28 15:16:15 INFO  no build target found for /Users/youssefaitelourf/Desktop/Scala Project/src/main/scala/csv/CsvParser.scala. Using presentation compiler with project's scala-library version: 3.3.5
2025.03.28 15:16:15 INFO  no build target found for /Users/youssefaitelourf/Desktop/Scala Project/src/main/scala/csv/CsvParser.scala. Using presentation compiler with project's scala-library version: 3.3.5
2025.03.28 23:45:51 INFO  no build target found for /Users/youssefaitelourf/Desktop/Scala Project/src/main/scala/csv/CsvParser.scala. Using presentation compiler with project's scala-library version: 3.3.5
2025.03.28 23:45:51 INFO  no build target found for /Users/youssefaitelourf/Desktop/Scala Project/src/main/scala/model/Airport.scala. Using presentation compiler with project's scala-library version: 3.3.5
2025.03.28 23:45:51 INFO  no build target found for /Users/youssefaitelourf/Desktop/Scala Project/src/main/scala/model/Airport.scala. Using presentation compiler with project's scala-library version: 3.3.5
2025.03.29 12:06:16 INFO  Shutting down server
2025.03.29 12:06:16 INFO  shutting down Metals
2025.03.29 12:06:16 INFO  Exiting server
2025.03.29 12:06:16 ERROR Unexpected error initializing server: 
org.eclipse.lsp4j.jsonrpc.ResponseErrorException: Request window/showMessageRequest failed with message: Canceled
	at org.eclipse.lsp4j.jsonrpc.RemoteEndpoint.handleResponse(RemoteEndpoint.java:220)
	at org.eclipse.lsp4j.jsonrpc.RemoteEndpoint.consume(RemoteEndpoint.java:204)
	at org.eclipse.lsp4j.jsonrpc.json.StreamMessageProducer.handleMessage(StreamMessageProducer.java:185)
	at org.eclipse.lsp4j.jsonrpc.json.StreamMessageProducer.listen(StreamMessageProducer.java:97)
	at org.eclipse.lsp4j.jsonrpc.json.ConcurrentMessageProcessor.run(ConcurrentMessageProcessor.java:114)
	at java.util.concurrent.Executors$RunnableAdapter.call(Executors.java:572)
	at java.util.concurrent.FutureTask.run(FutureTask.java:317)
	at java.util.concurrent.ThreadPoolExecutor.runWorker(ThreadPoolExecutor.java:1144)
	at java.util.concurrent.ThreadPoolExecutor$Worker.run(ThreadPoolExecutor.java:642)
	at java.lang.Thread.run(Thread.java:1575)

2025.03.30 15:57:05 INFO  Started: Metals version 1.5.2 in folders '/Users/youssefaitelourf/Desktop/Scala Project' for client Visual Studio Code 1.98.2.
2025.04.05 13:33:40 INFO  Started: Metals version 1.5.2 in folders '/Users/youssefaitelourf/Desktop/Scala Project' for client Visual Studio Code 1.98.2.
2025.04.05 13:33:40 INFO  no build target found for /Users/youssefaitelourf/Desktop/Scala Project/src/main/scala/model/Airport.scala. Using presentation compiler with project's scala-library version: 3.3.5
Apr 05, 2025 1:33:42 PM org.eclipse.lsp4j.jsonrpc.services.GenericEndpoint notify
INFO: Unsupported notification method: $/setTrace
Apr 05, 2025 1:33:42 PM org.eclipse.lsp4j.jsonrpc.services.GenericEndpoint notify
INFO: Unsupported notification method: $/setTrace
2025.04.05 13:33:42 INFO  no build target found for /Users/youssefaitelourf/Desktop/Scala Project/src/main/scala/model/Airport.scala. Using presentation compiler with project's scala-library version: 3.3.5
Apr 05, 2025 1:33:43 PM org.eclipse.lsp4j.jsonrpc.services.GenericEndpoint notify
INFO: Unsupported notification method: $/setTrace
2025.04.05 13:33:43 INFO  no build target found for /Users/youssefaitelourf/Desktop/Scala Project/src/main/scala/model/Airport.scala. Using presentation compiler with project's scala-library version: 3.3.5
Apr 05, 2025 1:33:45 PM org.eclipse.lsp4j.jsonrpc.services.GenericEndpoint notify
INFO: Unsupported notification method: $/setTrace
2025.04.05 13:33:46 INFO  no build target found for /Users/youssefaitelourf/Desktop/Scala Project/src/main/scala/model/Airport.scala. Using presentation compiler with project's scala-library version: 3.3.5
2025.04.05 13:33:46 INFO  no build target found for /Users/youssefaitelourf/Desktop/Scala Project/src/main/scala/ui/GUIApp.scala. Using presentation compiler with project's scala-library version: 3.3.5
2025.04.05 13:33:46 INFO  no build target found for /Users/youssefaitelourf/Desktop/Scala Project/src/main/scala/ui/GUIApp.scala. Using presentation compiler with project's scala-library version: 3.3.5
Apr 05, 2025 1:33:46 PM org.eclipse.lsp4j.jsonrpc.services.GenericEndpoint notify
INFO: Unsupported notification method: $/setTrace
2025.04.05 13:33:46 INFO  no build target found for /Users/youssefaitelourf/Desktop/Scala Project/src/main/scala/ui/GUIApp.scala. Using presentation compiler with project's scala-library version: 3.3.5
2025.04.05 13:33:47 INFO  no build target found for /Users/youssefaitelourf/Desktop/Scala Project/src/main/scala/ui/GUIApp.scala. Using presentation compiler with project's scala-library version: 3.3.5
Apr 05, 2025 1:33:49 PM org.eclipse.lsp4j.jsonrpc.services.GenericEndpoint notify
INFO: Unsupported notification method: $/setTrace
2025.04.05 13:33:57 INFO  no build target found for /Users/youssefaitelourf/Desktop/Scala Project/src/main/scala/ui/GUIApp.scala. Using presentation compiler with project's scala-library version: 3.3.5
2025.04.05 13:33:57 INFO  no build target found for /Users/youssefaitelourf/Desktop/Scala Project/src/main/scala/ui/ConsoleUI.scala. Using presentation compiler with project's scala-library version: 3.3.5
2025.04.05 13:33:57 INFO  no build target found for /Users/youssefaitelourf/Desktop/Scala Project/src/main/scala/ui/ConsoleUI.scala. Using presentation compiler with project's scala-library version: 3.3.5
2025.04.05 13:33:59 INFO  no build target found for /Users/youssefaitelourf/Desktop/Scala Project/src/main/scala/ui/ConsoleUI.scala. Using presentation compiler with project's scala-library version: 3.3.5
2025.04.05 13:33:59 INFO  no build target found for /Users/youssefaitelourf/Desktop/Scala Project/src/main/scala/services/Reports.scala. Using presentation compiler with project's scala-library version: 3.3.5
2025.04.05 13:34:00 INFO  no build target found for /Users/youssefaitelourf/Desktop/Scala Project/src/main/scala/services/Reports.scala. Using presentation compiler with project's scala-library version: 3.3.5
2025.04.05 13:34:02 INFO  no build target found for /Users/youssefaitelourf/Desktop/Scala Project/src/main/scala/services/Reports.scala. Using presentation compiler with project's scala-library version: 3.3.5
2025.04.05 13:34:02 INFO  no build target found for /Users/youssefaitelourf/Desktop/Scala Project/src/main/scala/services/DatabaseLoader.scala. Using presentation compiler with project's scala-library version: 3.3.5
2025.04.05 13:34:02 INFO  no build target found for /Users/youssefaitelourf/Desktop/Scala Project/src/main/scala/services/DatabaseLoader.scala. Using presentation compiler with project's scala-library version: 3.3.5
2025.04.05 13:34:03 INFO  no build target found for /Users/youssefaitelourf/Desktop/Scala Project/src/main/scala/services/DatabaseLoader.scala. Using presentation compiler with project's scala-library version: 3.3.5
2025.04.05 13:34:05 INFO  no build target found for /Users/youssefaitelourf/Desktop/Scala Project/src/main/scala/services/DatabaseLoader.scala. Using presentation compiler with project's scala-library version: 3.3.5
2025.04.05 13:34:05 INFO  no build target found for /Users/youssefaitelourf/Desktop/Scala Project/src/main/scala/services/DatabaseLoader.scala. Using presentation compiler with project's scala-library version: 3.3.5
2025.04.05 13:34:06 INFO  no build target found for /Users/youssefaitelourf/Desktop/Scala Project/src/main/scala/services/DatabaseLoader.scala. Using presentation compiler with project's scala-library version: 3.3.5
2025.04.05 13:34:06 INFO  no build target found for /Users/youssefaitelourf/Desktop/Scala Project/src/main/scala/services/DataLoader.scala. Using presentation compiler with project's scala-library version: 3.3.5
2025.04.05 13:34:06 INFO  no build target found for /Users/youssefaitelourf/Desktop/Scala Project/src/main/scala/services/DataLoader.scala. Using presentation compiler with project's scala-library version: 3.3.5
2025.04.05 13:34:13 INFO  no build target found for /Users/youssefaitelourf/Desktop/Scala Project/src/main/scala/services/DataLoader.scala. Using presentation compiler with project's scala-library version: 3.3.5
2025.04.05 13:34:13 INFO  no build target found for /Users/youssefaitelourf/Desktop/Scala Project/build.sbt. Using presentation compiler with project's scala-library version: 3.3.5
2025.04.05 13:34:13 INFO  no build target found for /Users/youssefaitelourf/Desktop/Scala Project/build.sbt. Using presentation compiler with project's scala-library version: 3.3.5
Apr 05, 2025 1:34:17 PM org.eclipse.lsp4j.jsonrpc.services.GenericEndpoint notify
INFO: Unsupported notification method: $/setTrace
2025.04.05 13:34:18 INFO  Shutting down server
2025.04.05 13:34:18 INFO  shutting down Metals
2025.04.05 13:34:18 INFO  Exiting server
2025.04.05 13:34:18 ERROR Unexpected error initializing server: 
org.eclipse.lsp4j.jsonrpc.ResponseErrorException: Request window/showMessageRequest failed with message: Canceled
	at org.eclipse.lsp4j.jsonrpc.RemoteEndpoint.handleResponse(RemoteEndpoint.java:220)
	at org.eclipse.lsp4j.jsonrpc.RemoteEndpoint.consume(RemoteEndpoint.java:204)
	at org.eclipse.lsp4j.jsonrpc.json.StreamMessageProducer.handleMessage(StreamMessageProducer.java:185)
	at org.eclipse.lsp4j.jsonrpc.json.StreamMessageProducer.listen(StreamMessageProducer.java:97)
	at org.eclipse.lsp4j.jsonrpc.json.ConcurrentMessageProcessor.run(ConcurrentMessageProcessor.java:114)
	at java.util.concurrent.Executors$RunnableAdapter.call(Executors.java:572)
	at java.util.concurrent.FutureTask.run(FutureTask.java:317)
	at java.util.concurrent.ThreadPoolExecutor.runWorker(ThreadPoolExecutor.java:1144)
	at java.util.concurrent.ThreadPoolExecutor$Worker.run(ThreadPoolExecutor.java:642)
	at java.lang.Thread.run(Thread.java:1575)

2025.04.06 19:41:24 INFO  Started: Metals version 1.5.2 in folders '/Users/youssefaitelourf/Desktop/Scala Project' for client Visual Studio Code 1.99.0.
2025.04.06 19:41:24 INFO  no build target found for /Users/youssefaitelourf/Desktop/Scala Project/build.sbt. Using presentation compiler with project's scala-library version: 3.3.5
2025.04.06 19:41:25 INFO  no build target found for /Users/youssefaitelourf/Desktop/Scala Project/build.sbt. Using presentation compiler with project's scala-library version: 3.3.5
Apr 06, 2025 7:41:26 PM org.eclipse.lsp4j.jsonrpc.services.GenericEndpoint notify
INFO: Unsupported notification method: $/setTrace
2025.04.06 19:41:27 INFO  no build target found for /Users/youssefaitelourf/Desktop/Scala Project/build.sbt. Using presentation compiler with project's scala-library version: 3.3.5
2025.04.06 19:41:27 INFO  no build target found for /Users/youssefaitelourf/Desktop/Scala Project/src/main/scala/ui/ConsoleUI.scala. Using presentation compiler with project's scala-library version: 3.3.5
2025.04.06 19:41:27 INFO  no build target found for /Users/youssefaitelourf/Desktop/Scala Project/src/main/scala/ui/ConsoleUI.scala. Using presentation compiler with project's scala-library version: 3.3.5
2025.04.06 19:41:28 INFO  no build target found for /Users/youssefaitelourf/Desktop/Scala Project/src/main/scala/ui/ConsoleUI.scala. Using presentation compiler with project's scala-library version: 3.3.5
2025.04.06 19:41:28 INFO  no build target found for /Users/youssefaitelourf/Desktop/Scala Project/src/main/scala/ui/GUIApp.scala. Using presentation compiler with project's scala-library version: 3.3.5
2025.04.06 19:41:28 INFO  no build target found for /Users/youssefaitelourf/Desktop/Scala Project/src/main/scala/ui/GUIApp.scala. Using presentation compiler with project's scala-library version: 3.3.5
2025.04.06 19:41:31 INFO  no build target found for /Users/youssefaitelourf/Desktop/Scala Project/src/main/scala/ui/GUIApp.scala. Using presentation compiler with project's scala-library version: 3.3.5
2025.04.06 19:41:31 INFO  no build target found for /Users/youssefaitelourf/Desktop/Scala Project/src/main/scala/services/DatabaseLoader.scala. Using presentation compiler with project's scala-library version: 3.3.5
2025.04.06 19:41:31 INFO  no build target found for /Users/youssefaitelourf/Desktop/Scala Project/src/main/scala/services/DatabaseLoader.scala. Using presentation compiler with project's scala-library version: 3.3.5
2025.04.06 19:41:31 INFO  no build target found for /Users/youssefaitelourf/Desktop/Scala Project/src/main/scala/services/DatabaseLoader.scala. Using presentation compiler with project's scala-library version: 3.3.5
2025.04.06 19:41:31 INFO  no build target found for /Users/youssefaitelourf/Desktop/Scala Project/src/main/scala/services/DataLoader.scala. Using presentation compiler with project's scala-library version: 3.3.5
2025.04.06 19:41:31 INFO  no build target found for /Users/youssefaitelourf/Desktop/Scala Project/src/main/scala/services/DataLoader.scala. Using presentation compiler with project's scala-library version: 3.3.5
2025.04.06 19:41:34 INFO  no build target found for /Users/youssefaitelourf/Desktop/Scala Project/src/main/scala/services/DataLoader.scala. Using presentation compiler with project's scala-library version: 3.3.5
2025.04.06 19:41:34 INFO  no build target found for /Users/youssefaitelourf/Desktop/Scala Project/src/main/scala/model/Airport.scala. Using presentation compiler with project's scala-library version: 3.3.5
2025.04.06 19:41:34 INFO  no build target found for /Users/youssefaitelourf/Desktop/Scala Project/src/main/scala/model/Airport.scala. Using presentation compiler with project's scala-library version: 3.3.5
2025.04.06 19:41:34 INFO  no build target found for /Users/youssefaitelourf/Desktop/Scala Project/src/main/scala/model/Airport.scala. Using presentation compiler with project's scala-library version: 3.3.5
2025.04.06 19:41:34 INFO  no build target found for /Users/youssefaitelourf/Desktop/Scala Project/src/main/scala/model/Runway.scala. Using presentation compiler with project's scala-library version: 3.3.5
2025.04.06 19:41:35 INFO  no build target found for /Users/youssefaitelourf/Desktop/Scala Project/src/main/scala/model/Runway.scala. Using presentation compiler with project's scala-library version: 3.3.5
2025.04.06 19:41:34 INFO  no build target found for /Users/youssefaitelourf/Desktop/Scala Project/src/main/scala/model/Runway.scala. Using presentation compiler with project's scala-library version: 3.3.5
2025.04.06 19:41:34 INFO  no build target found for /Users/youssefaitelourf/Desktop/Scala Project/src/main/scala/model/Country.scala. Using presentation compiler with project's scala-library version: 3.3.5
2025.04.06 19:41:35 INFO  no build target found for /Users/youssefaitelourf/Desktop/Scala Project/src/main/scala/model/Country.scala. Using presentation compiler with project's scala-library version: 3.3.5
2025.04.06 19:41:35 INFO  no build target found for /Users/youssefaitelourf/Desktop/Scala Project/src/main/scala/model/Country.scala. Using presentation compiler with project's scala-library version: 3.3.5
2025.04.06 19:41:35 INFO  no build target found for /Users/youssefaitelourf/Desktop/Scala Project/src/main/scala/csv/CsvParser.scala. Using presentation compiler with project's scala-library version: 3.3.5
2025.04.06 19:41:35 INFO  no build target found for /Users/youssefaitelourf/Desktop/Scala Project/src/main/scala/csv/CsvParser.scala. Using presentation compiler with project's scala-library version: 3.3.5
2025.04.06 19:41:35 INFO  no build target found for /Users/youssefaitelourf/Desktop/Scala Project/src/main/scala/csv/CsvParser.scala. Using presentation compiler with project's scala-library version: 3.3.5
2025.04.06 19:41:35 INFO  no build target found for /Users/youssefaitelourf/Desktop/Scala Project/src/main/scala/csv/CsvParser.scala. Using presentation compiler with project's scala-library version: 3.3.5
2025.04.06 19:41:35 INFO  no build target found for /Users/youssefaitelourf/Desktop/Scala Project/src/main/scala/services/DatabaseLoader.scala. Using presentation compiler with project's scala-library version: 3.3.5
2025.04.06 19:41:36 INFO  no build target found for /Users/youssefaitelourf/Desktop/Scala Project/src/main/scala/services/DatabaseLoader.scala. Using presentation compiler with project's scala-library version: 3.3.5
2025.04.06 19:41:40 INFO  no build target found for /Users/youssefaitelourf/Desktop/Scala Project/src/main/scala/services/DatabaseLoader.scala. Using presentation compiler with project's scala-library version: 3.3.5
2025.04.06 19:41:40 INFO  no build target found for /Users/youssefaitelourf/Desktop/Scala Project/src/main/scala/services/DatabaseLoader.scala. Using presentation compiler with project's scala-library version: 3.3.5
2025.04.06 19:41:46 INFO  no build target found for /Users/youssefaitelourf/Desktop/Scala Project/src/main/scala/services/DatabaseLoader.scala. Using presentation compiler with project's scala-library version: 3.3.5
2025.04.06 19:41:46 INFO  no build target found for /Users/youssefaitelourf/Desktop/Scala Project/src/main/scala/services/DatabaseLoader.scala. Using presentation compiler with project's scala-library version: 3.3.5
Apr 06, 2025 7:45:09 PM org.eclipse.lsp4j.jsonrpc.services.GenericEndpoint notify
INFO: Unsupported notification method: $/setTrace
2025.04.06 19:45:32 INFO  no build target found for /Users/youssefaitelourf/Desktop/Scala Project/src/main/scala/services/DatabaseLoader.scala. Using presentation compiler with project's scala-library version: 3.3.5
2025.04.06 19:45:42 INFO  Shutting down server
2025.04.06 19:45:42 INFO  shutting down Metals
2025.04.06 19:45:42 INFO  Exiting server
2025.04.06 19:45:52 INFO  Started: Metals version 1.5.2 in folders '/Users/youssefaitelourf/Desktop/Scala Project' for client Visual Studio Code 1.99.0.
2025.04.06 19:45:52 INFO  no build target found for /Users/youssefaitelourf/Desktop/Scala Project/src/main/scala/services/DatabaseLoader.scala. Using presentation compiler with project's scala-library version: 3.3.5
2025.04.06 19:45:54 INFO  no build target found for /Users/youssefaitelourf/Desktop/Scala Project/src/main/scala/services/DatabaseLoader.scala. Using presentation compiler with project's scala-library version: 3.3.5
Apr 06, 2025 7:45:54 PM org.eclipse.lsp4j.jsonrpc.RemoteEndpoint handleCancellation
WARNING: Unmatched cancel notification for request id 3
2025.04.06 19:45:55 INFO  no build target found for /Users/youssefaitelourf/Desktop/Scala Project/src/main/scala/services/DatabaseLoader.scala. Using presentation compiler with project's scala-library version: 3.3.5
Apr 06, 2025 7:45:57 PM org.eclipse.lsp4j.jsonrpc.services.GenericEndpoint notify
INFO: Unsupported notification method: $/setTrace
